producer_class	xtools.gsea.GseaPreranked
producer_timestamp	1744230685303
param	rpt_label	my_GSEA_Insul_analysis
param	rnd_seed	timestamp
param	set_min	15
param	zip_report	false
param	create_svgs	false
param	scoring_scheme	weighted
param	rnk	/Users/nnekaiduu/Downloads/FunGen_Final/DEG_files/DGErankName.rnk
param	norm	meandiv
param	out	/Users/nnekaiduu/Downloads/FunGen_Final/DEG_files
param	mode	Abs_max_of_probes
param	include_only_symbols	true
param	help	false
param	set_max	500
param	gmx	ftp.broadinstitute.org:/pub/gsea/msigdb/human/gene_sets/c2.cp.kegg_legacy.v2024.1.Hs.symbols.gmt#KEGG_INSULIN_SIGNALING_PATHWAY
param	make_sets	true
param	plot_top_x	20
param	gui	false
param	nperm	1000
param	collapse	No_Collapse

file	/Users/nnekaiduu/Downloads/FunGen_Final/DEG_files/my_GSEA_Insul_analysis.GseaPreranked.1744230685303/index.html
